Error reporting
	 Date Time: 2020-04-12 23:27:12
	 Error Number: 2
	 Error Type: warning
	 Error Message: require_once(vendor/autoload.php): failed to open stream: No such file or directory
	 file name: C:\xampp\htdocs\project-repo-webndevelopers\utilities\EmailUtility.php
	 Error line number: 9
End reporting
Error reporting
	 Date Time: 2020-04-12 23:31:53
	 Error Number: 2
	 Error Type: warning
	 Error Message: require_once(../vendor/autoload.php): failed to open stream: No such file or directory
	 file name: C:\xampp\htdocs\project-repo-webndevelopers\database\EmailUtility.php
	 Error line number: 9
End reporting
Error reporting
	 Date Time: 2020-04-12 23:38:13
	 Error Number: 2
	 Error Type: warning
	 Error Message: require_once(../vendor/autoload.php): failed to open stream: No such file or directory
	 file name: C:\xampp\htdocs\project-repo-webndevelopers\utilities\EmailUtility.php
	 Error line number: 9
End reporting
Error reporting
	 Date Time: 2020-04-12 23:39:59
	 Error Number: 2
	 Error Type: warning
	 Error Message: require_once(../vendor/autoload.php): failed to open stream: No such file or directory
	 file name: C:\xampp\htdocs\project-repo-webndevelopers\utilities\EmailUtility.php
	 Error line number: 9
End reporting
Error reporting
	 Date Time: 2020-04-12 23:57:47
	 Error Number: 2
	 Error Type: warning
	 Error Message: require_once(vendor/autoload.php): failed to open stream: No such file or directory
	 file name: C:\xampp\htdocs\project-repo-webndevelopers\utilities\EmailUtility.php
	 Error line number: 9
End reporting
